<?xml version="1.0" encoding="UTF-8"?>
<testsuite xmlns:xsi="http://www.w3.org/2001/XMLSchema-instance" xsi:noNamespaceSchemaLocation="https://maven.apache.org/surefire/maven-surefire-plugin/xsd/surefire-test-report-3.0.xsd" version="3.0" name="com.bmad.edge.service.DashboardServiceTest" time="3.76" tests="4" errors="0" skipped="0" failures="0">
  <properties>
[...]
</properties>
  <testcase name="testGetMacroHeatMap_FallbackDueToNoCache" classname="com.bmad.edge.service.DashboardServiceTest" time="3.597">
    <system-out><![CDATA[23:43:28.390 [main] WARN com.bmad.edge.service.DashboardService -- 无法从 dashboard:heatmap:city 命中有效的热力图结构，返回空壳降级对象。
]]></system-out>
  </testcase>
  <testcase name="testGetMacroHeatMap_FallbackDueToUnauthorizedRole" classname="com.bmad.edge.service.DashboardServiceTest" time="0.041">
    <system-out><![CDATA[23:43:28.498 [main] WARN com.bmad.edge.service.DashboardService -- 越权或无宏观视角角色尝试访问热力图大屏：school_principal
]]></system-out>
  </testcase>
  <testcase name="testGetMacroHeatMap_CityAdmin_HitCache" classname="com.bmad.edge.service.DashboardServiceTest" time="0.022"/>
  <testcase name="testGetMacroHeatMap_DistrictDirector_HitCache" classname="com.bmad.edge.service.DashboardServiceTest" time="0.007"/>
</testsuite>