<?xml version="1.0" encoding="UTF-8"?>
<testsuite xmlns:xsi="http://www.w3.org/2001/XMLSchema-instance" xsi:noNamespaceSchemaLocation="https://maven.apache.org/surefire/maven-surefire-plugin/xsd/surefire-test-report-3.0.xsd" version="3.0" name="com.bmad.edge.RedisMockDataInjectorTest" time="13.382" tests="1" errors="1" skipped="0" failures="0">
  <properties>
[...]
</properties>
  <testcase name="injectMockHeatMapData" classname="com.bmad.edge.RedisMockDataInjectorTest" time="2.006">
    <error message="Unable to connect to Redis" type="org.springframework.data.redis.RedisConnectionFailureException"><![CDATA[org.springframework.data.redis.RedisConnectionFailureException: Unable to connect to Redis
	at org.springframework.data.redis.connection.lettuce.LettuceConnectionFactory$ExceptionTranslatingConnectionProvider.translateException(LettuceConnectionFactory.java:1795)
	at org.springframework.data.redis.connection.lettuce.LettuceConnectionFactory$ExceptionTranslatingConnectionProvider.getConnection(LettuceConnectionFactory.java:1726)
	at org.springframework.data.redis.connection.lettuce.LettuceConnectionFactory$SharedConnection.getNativeConnection(LettuceConnectionFactory.java:1528)
	at org.springframework.data.redis.connection.lettuce.LettuceConnectionFactory$SharedConnection.lambda$getConnection$0(LettuceConnectionFactory.java:1508)
	at org.springframework.data.redis.connection.lettuce.LettuceConnectionFactory.doInLock(LettuceConnectionFactory.java:1469)
	at org.springframework.data.redis.connection.lettuce.LettuceConnectionFactory$SharedConnection.getConnection(LettuceConnectionFactory.java:1505)
	at org.springframework.data.redis.connection.lettuce.LettuceConnectionFactory.getSharedConnection(LettuceConnectionFactory.java:1191)
	at org.springframework.data.redis.connection.lettuce.LettuceConnectionFactory.getConnection(LettuceConnectionFactory.java:997)
	at org.springframework.data.redis.core.RedisConnectionUtils.fetchConnection(RedisConnectionUtils.java:195)
	at org.springframework.data.redis.core.RedisConnectionUtils.doGetConnection(RedisConnectionUtils.java:144)
	at org.springframework.data.redis.core.RedisConnectionUtils.getConnection(RedisConnectionUtils.java:105)
	at org.springframework.data.redis.core.RedisTemplate.execute(RedisTemplate.java:383)
	at org.springframework.data.redis.core.RedisTemplate.execute(RedisTemplate.java:363)
	at org.springframework.data.redis.core.AbstractOperations.execute(AbstractOperations.java:97)
	at org.springframework.data.redis.core.DefaultValueOperations.set(DefaultValueOperations.java:237)
	at com.bmad.edge.RedisMockDataInjectorTest.injectMockHeatMapData(RedisMockDataInjectorTest.java:19)
	at java.base/java.lang.reflect.Method.invoke(Method.java:568)
	at java.base/java.util.ArrayList.forEach(ArrayList.java:1511)
	at java.base/java.util.ArrayList.forEach(ArrayList.java:1511)
Caused by: io.lettuce.core.RedisConnectionException: Unable to connect to 127.0.0.1/<unresolved>:6379
	at io.lettuce.core.RedisConnectionException.create(RedisConnectionException.java:78)
	at io.lettuce.core.RedisConnectionException.create(RedisConnectionException.java:56)
	at io.lettuce.core.AbstractRedisClient.getConnection(AbstractRedisClient.java:350)
	at io.lettuce.core.RedisClient.connect(RedisClient.java:215)
	at org.springframework.data.redis.connection.lettuce.StandaloneConnectionProvider.lambda$getConnection$1(StandaloneConnectionProvider.java:112)
	at java.base/java.util.Optional.orElseGet(Optional.java:364)
	at org.springframework.data.redis.connection.lettuce.StandaloneConnectionProvider.getConnection(StandaloneConnectionProvider.java:112)
	at org.springframework.data.redis.connection.lettuce.LettuceConnectionFactory$ExceptionTranslatingConnectionProvider.getConnection(LettuceConnectionFactory.java:1724)
	... 17 more
Caused by: io.netty.channel.AbstractChannel$AnnotatedConnectException: Connection refused: no further information: /127.0.0.1:6379
Caused by: java.net.ConnectException: Connection refused: no further information
	at java.base/sun.nio.ch.Net.pollConnect(Native Method)
	at java.base/sun.nio.ch.Net.pollConnectNow(Net.java:672)
	at java.base/sun.nio.ch.SocketChannelImpl.finishConnect(SocketChannelImpl.java:946)
	at io.netty.channel.socket.nio.NioSocketChannel.doFinishConnect(NioSocketChannel.java:336)
	at io.netty.channel.nio.AbstractNioChannel$AbstractNioUnsafe.finishConnect(AbstractNioChannel.java:339)
	at io.netty.channel.nio.NioEventLoop.processSelectedKey(NioEventLoop.java:776)
	at io.netty.channel.nio.NioEventLoop.processSelectedKeysOptimized(NioEventLoop.java:724)
	at io.netty.channel.nio.NioEventLoop.processSelectedKeys(NioEventLoop.java:650)
	at io.netty.channel.nio.NioEventLoop.run(NioEventLoop.java:562)
	at io.netty.util.concurrent.SingleThreadEventExecutor$4.run(SingleThreadEventExecutor.java:997)
	at io.netty.util.internal.ThreadExecutorMap$2.run(ThreadExecutorMap.java:74)
	at io.netty.util.concurrent.FastThreadLocalRunnable.run(FastThreadLocalRunnable.java:30)
	at java.base/java.lang.Thread.run(Thread.java:842)
]]></error>
    <system-out><![CDATA[23:46:08.412 [main] INFO org.springframework.test.context.support.AnnotationConfigContextLoaderUtils -- Could not detect default configuration classes for test class [com.bmad.edge.RedisMockDataInjectorTest]: RedisMockDataInjectorTest does not declare any static, non-private, non-final, nested classes annotated with @Configuration.
23:46:08.610 [main] INFO org.springframework.boot.test.context.SpringBootTestContextBootstrapper -- Found @SpringBootConfiguration com.bmad.edge.BackendApplication for test class com.bmad.edge.RedisMockDataInjectorTest

  .   ____          _            __ _ _
 /\\ / ___'_ __ _ _(_)_ __  __ _ \ \ \ \
( ( )\___ | '_ | '_| | '_ \/ _` | \ \ \ \
 \\/  ___)| |_)| | | | | || (_| |  ) ) ) )
  '  |____| .__|_| |_|_| |_\__, | / / / /
 =========|_|==============|___/=/_/_/_/
 :: Spring Boot ::               (v3.2.10)

2026-03-03T23:46:09.463+08:00  INFO 45864 --- [bmad-edge-gateway] [           main] c.bmad.edge.RedisMockDataInjectorTest    : Starting RedisMockDataInjectorTest using Java 17.0.12 with PID 45864 (started by work in D:\WorkSpace\ai\Antigravity\bmad-test\backend)
2026-03-03T23:46:09.466+08:00  INFO 45864 --- [bmad-edge-gateway] [           main] c.bmad.edge.RedisMockDataInjectorTest    : No active profile set, falling back to 1 default profile: "default"
2026-03-03T23:46:11.874+08:00  INFO 45864 --- [bmad-edge-gateway] [           main] .s.d.r.c.RepositoryConfigurationDelegate : Multiple Spring Data modules found, entering strict repository configuration mode
2026-03-03T23:46:11.880+08:00  INFO 45864 --- [bmad-edge-gateway] [           main] .s.d.r.c.RepositoryConfigurationDelegate : Bootstrapping Spring Data Redis repositories in DEFAULT mode.
2026-03-03T23:46:11.940+08:00  INFO 45864 --- [bmad-edge-gateway] [           main] .s.d.r.c.RepositoryConfigurationDelegate : Finished Spring Data repository scanning in 24 ms. Found 0 Redis repository interfaces.
2026-03-03T23:46:13.901+08:00  INFO 45864 --- [bmad-edge-gateway] [           main] com.zaxxer.hikari.HikariDataSource       : HikariPool-1 - Starting...
2026-03-03T23:46:14.382+08:00  INFO 45864 --- [bmad-edge-gateway] [           main] com.zaxxer.hikari.pool.HikariPool        : HikariPool-1 - Added connection conn0: url=jdbc:h2:mem:bmad_test user=SA
2026-03-03T23:46:14.385+08:00  INFO 45864 --- [bmad-edge-gateway] [           main] com.zaxxer.hikari.HikariDataSource       : HikariPool-1 - Start completed.
Logging initialized using 'class org.apache.ibatis.logging.stdout.StdOutImpl' adapter.
Initialization Sequence datacenterId:9 workerId:28
 _ _   |_  _ _|_. ___ _ |    _ 
| | |\/|_)(_| | |_\  |_)||_|_\ 
     /               |         
                        3.5.5 
2026-03-03T23:46:16.140+08:00  WARN 45864 --- [bmad-edge-gateway] [           main] .s.s.UserDetailsServiceAutoConfiguration : 

Using generated security password: 8258a740-21df-47ab-ad96-729a05e6ca92

This generated password is for development use only. Your security configuration must be updated before running your application in production.

2026-03-03T23:46:17.554+08:00  INFO 45864 --- [bmad-edge-gateway] [           main] o.s.b.a.e.web.EndpointLinksResolver      : Exposing 2 endpoint(s) beneath base path ''
2026-03-03T23:46:17.743+08:00  INFO 45864 --- [bmad-edge-gateway] [           main] o.s.s.web.DefaultSecurityFilterChain     : Will secure any request with [org.springframework.security.web.session.DisableEncodeUrlFilter@314c28dc, org.springframework.security.web.context.request.async.WebAsyncManagerIntegrationFilter@7169d668, org.springframework.security.web.context.SecurityContextHolderFilter@5e198c40, org.springframework.security.web.header.HeaderWriterFilter@53564a4c, org.springframework.security.web.authentication.logout.LogoutFilter@abf1816, com.bmad.edge.security.JwtAuthenticationFilter@2f498f21, org.springframework.security.web.savedrequest.RequestCacheAwareFilter@39420d59, org.springframework.security.web.servletapi.SecurityContextHolderAwareRequestFilter@6f89ad03, org.springframework.security.web.authentication.AnonymousAuthenticationFilter@90394d, org.springframework.security.web.session.SessionManagementFilter@44c2e8a8, org.springframework.security.web.access.ExceptionTranslationFilter@17e6d07b, org.springframework.security.web.access.intercept.AuthorizationFilter@8091d80]
2026-03-03T23:46:19.373+08:00  INFO 45864 --- [bmad-edge-gateway] [           main] c.bmad.edge.RedisMockDataInjectorTest    : Started RedisMockDataInjectorTest in 10.43 seconds (process running for 12.225)
]]></system-out>
  </testcase>
</testsuite>