<?xml version="1.0" encoding="UTF-8"?>
<testsuite xmlns:xsi="http://www.w3.org/2001/XMLSchema-instance" xsi:noNamespaceSchemaLocation="https://maven.apache.org/surefire/maven-surefire-plugin/xsd/surefire-test-report-3.0.xsd" version="3.0" name="com.bmad.edge.DashboardIntegrationTest" time="14.081" tests="3" errors="0" skipped="0" failures="2">
  <properties>
[...]
</properties>
  <testcase name="testDistrictDirectorNoCacheFallback" classname="com.bmad.edge.DashboardIntegrationTest" time="2.362">
    <system-out><![CDATA[23:59:14.541 [main] INFO org.springframework.test.context.support.AnnotationConfigContextLoaderUtils -- Could not detect default configuration classes for test class [com.bmad.edge.DashboardIntegrationTest]: DashboardIntegrationTest does not declare any static, non-private, non-final, nested classes annotated with @Configuration.
23:59:14.750 [main] INFO org.springframework.boot.test.context.SpringBootTestContextBootstrapper -- Found @SpringBootConfiguration com.bmad.edge.BackendApplication for test class com.bmad.edge.DashboardIntegrationTest

  .   ____          _            __ _ _
 /\\ / ___'_ __ _ _(_)_ __  __ _ \ \ \ \
( ( )\___ | '_ | '_| | '_ \/ _` | \ \ \ \
 \\/  ___)| |_)| | | | | || (_| |  ) ) ) )
  '  |____| .__|_| |_|_| |_\__, | / / / /
 =========|_|==============|___/=/_/_/_/
 :: Spring Boot ::               (v3.2.10)

2026-03-03T23:59:15.583+08:00  INFO 5728 --- [bmad-edge-gateway] [           main] com.bmad.edge.DashboardIntegrationTest   : Starting DashboardIntegrationTest using Java 17.0.12 with PID 5728 (started by work in D:\WorkSpace\ai\Antigravity\bmad-test\backend)
2026-03-03T23:59:15.585+08:00  INFO 5728 --- [bmad-edge-gateway] [           main] com.bmad.edge.DashboardIntegrationTest   : No active profile set, falling back to 1 default profile: "default"
2026-03-03T23:59:17.894+08:00  INFO 5728 --- [bmad-edge-gateway] [           main] .s.d.r.c.RepositoryConfigurationDelegate : Multiple Spring Data modules found, entering strict repository configuration mode
2026-03-03T23:59:17.899+08:00  INFO 5728 --- [bmad-edge-gateway] [           main] .s.d.r.c.RepositoryConfigurationDelegate : Bootstrapping Spring Data Redis repositories in DEFAULT mode.
2026-03-03T23:59:17.954+08:00  INFO 5728 --- [bmad-edge-gateway] [           main] .s.d.r.c.RepositoryConfigurationDelegate : Finished Spring Data repository scanning in 22 ms. Found 0 Redis repository interfaces.
2026-03-03T23:59:19.852+08:00  INFO 5728 --- [bmad-edge-gateway] [           main] com.zaxxer.hikari.HikariDataSource       : HikariPool-1 - Starting...
2026-03-03T23:59:20.319+08:00  INFO 5728 --- [bmad-edge-gateway] [           main] com.zaxxer.hikari.pool.HikariPool        : HikariPool-1 - Added connection conn0: url=jdbc:h2:mem:bmad_test user=SA
2026-03-03T23:59:20.322+08:00  INFO 5728 --- [bmad-edge-gateway] [           main] com.zaxxer.hikari.HikariDataSource       : HikariPool-1 - Start completed.
Logging initialized using 'class org.apache.ibatis.logging.stdout.StdOutImpl' adapter.
Initialization Sequence datacenterId:9 workerId:1
 _ _   |_  _ _|_. ___ _ |    _ 
| | |\/|_)(_| | |_\  |_)||_|_\ 
     /               |         
                        3.5.5 
2026-03-03T23:59:22.045+08:00  WARN 5728 --- [bmad-edge-gateway] [           main] .s.s.UserDetailsServiceAutoConfiguration : 

Using generated security password: e70c6330-800c-4579-96ca-9ae7cd3eba25

This generated password is for development use only. Your security configuration must be updated before running your application in production.

2026-03-03T23:59:24.388+08:00  INFO 5728 --- [bmad-edge-gateway] [           main] o.s.b.a.e.web.EndpointLinksResolver      : Exposing 2 endpoint(s) beneath base path ''
2026-03-03T23:59:24.614+08:00  INFO 5728 --- [bmad-edge-gateway] [           main] o.s.s.web.DefaultSecurityFilterChain     : Will secure any request with [org.springframework.security.web.session.DisableEncodeUrlFilter@544e6b, org.springframework.security.web.context.request.async.WebAsyncManagerIntegrationFilter@5b430541, org.springframework.security.web.context.SecurityContextHolderFilter@640a6d4b, org.springframework.security.web.header.HeaderWriterFilter@73c09a98, org.springframework.security.web.authentication.logout.LogoutFilter@47994b51, com.bmad.edge.security.JwtAuthenticationFilter@65a66a75, org.springframework.security.web.savedrequest.RequestCacheAwareFilter@35b58254, org.springframework.security.web.servletapi.SecurityContextHolderAwareRequestFilter@6a562255, org.springframework.security.web.authentication.AnonymousAuthenticationFilter@5a07ae2f, org.springframework.security.web.session.SessionManagementFilter@182dcd2b, org.springframework.security.web.access.ExceptionTranslationFilter@8dcacf1, org.springframework.security.web.access.intercept.AuthorizationFilter@72b53f27]
2026-03-03T23:59:25.749+08:00  INFO 5728 --- [bmad-edge-gateway] [           main] com.bmad.edge.DashboardIntegrationTest   : Started DashboardIntegrationTest in 10.714 seconds (process running for 12.528)
2026-03-03T23:59:28.214+08:00  WARN 5728 --- [bmad-edge-gateway] [           main] com.bmad.edge.service.DashboardService   : 越权或无宏观视角角色尝试访问热力图大屏：ROLE_DISTRICT_DIRECTOR
No Cache Fallback 测试成功！拿到空数据集: {}
]]></system-out>
  </testcase>
  <testcase name="testCityAdminAccess" classname="com.bmad.edge.DashboardIntegrationTest" time="0.029">
    <failure message="expected: &lt;0.08&gt; but was: &lt;0.0&gt;" type="org.opentest4j.AssertionFailedError"><![CDATA[org.opentest4j.AssertionFailedError: expected: <0.08> but was: <0.0>
	at org.junit.jupiter.api.AssertionFailureBuilder.build(AssertionFailureBuilder.java:151)
	at org.junit.jupiter.api.AssertionFailureBuilder.buildAndThrow(AssertionFailureBuilder.java:132)
	at org.junit.jupiter.api.AssertEquals.failNotEqual(AssertEquals.java:197)
	at org.junit.jupiter.api.AssertEquals.assertEquals(AssertEquals.java:182)
	at org.junit.jupiter.api.AssertEquals.assertEquals(AssertEquals.java:177)
	at org.junit.jupiter.api.Assertions.assertEquals(Assertions.java:898)
	at com.bmad.edge.DashboardIntegrationTest.testCityAdminAccess(DashboardIntegrationTest.java:44)
	at java.base/java.lang.reflect.Method.invoke(Method.java:568)
	at java.base/java.util.ArrayList.forEach(ArrayList.java:1511)
	at java.base/java.util.ArrayList.forEach(ArrayList.java:1511)
]]></failure>
    <system-out><![CDATA[2026-03-03T23:59:28.263+08:00  WARN 5728 --- [bmad-edge-gateway] [           main] com.bmad.edge.service.DashboardService   : 越权或无宏观视角角色尝试访问热力图大屏：ROLE_CITY_ADMIN
]]></system-out>
  </testcase>
  <testcase name="testDistrictDirectorAccess" classname="com.bmad.edge.DashboardIntegrationTest" time="0.023">
    <failure message="expected: &lt;0.02&gt; but was: &lt;0.0&gt;" type="org.opentest4j.AssertionFailedError"><![CDATA[org.opentest4j.AssertionFailedError: expected: <0.02> but was: <0.0>
	at org.junit.jupiter.api.AssertionFailureBuilder.build(AssertionFailureBuilder.java:151)
	at org.junit.jupiter.api.AssertionFailureBuilder.buildAndThrow(AssertionFailureBuilder.java:132)
	at org.junit.jupiter.api.AssertEquals.failNotEqual(AssertEquals.java:197)
	at org.junit.jupiter.api.AssertEquals.assertEquals(AssertEquals.java:182)
	at org.junit.jupiter.api.AssertEquals.assertEquals(AssertEquals.java:177)
	at org.junit.jupiter.api.Assertions.assertEquals(Assertions.java:898)
	at com.bmad.edge.DashboardIntegrationTest.testDistrictDirectorAccess(DashboardIntegrationTest.java:53)
	at java.base/java.lang.reflect.Method.invoke(Method.java:568)
	at java.base/java.util.ArrayList.forEach(ArrayList.java:1511)
	at java.base/java.util.ArrayList.forEach(ArrayList.java:1511)
]]></failure>
    <system-out><![CDATA[2026-03-03T23:59:28.297+08:00  WARN 5728 --- [bmad-edge-gateway] [           main] com.bmad.edge.service.DashboardService   : 越权或无宏观视角角色尝试访问热力图大屏：ROLE_DISTRICT_DIRECTOR
]]></system-out>
  </testcase>
</testsuite>